0 info it worked if it ends with ok
1 verbose cli [ 'c:\\Program Files\\nodejs\\node.exe',
1 verbose cli   'c:\\Program Files\\nodejs\\node_modules\\npm\\bin\\npm-cli.js',
1 verbose cli   'install',
1 verbose cli   'cordova-cli/',
1 verbose cli   '-g' ]
2 info using npm@2.5.1
3 info using node@v0.12.1
4 silly cache add args [ 'cordova-cli/', null ]
5 verbose cache add spec cordova-cli/
6 silly cache add parsed spec { raw: 'cordova-cli/',
6 silly cache add   scope: null,
6 silly cache add   name: null,
6 silly cache add   rawSpec: 'cordova-cli/',
6 silly cache add   spec: 'c:\\Users\\wrkrumrx\\workspace\\cordova\\cordova-lib-nodewebkit\\cordova-cli',
6 silly cache add   type: 'local' }
7 error addLocal Could not install c:\Users\wrkrumrx\workspace\cordova\cordova-lib-nodewebkit\cordova-cli
8 verbose stack Error: ENOENT, open 'c:\Users\wrkrumrx\workspace\cordova\cordova-lib-nodewebkit\cordova-cli'
8 verbose stack     at Error (native)
9 verbose cwd c:\Users\wrkrumrx\workspace\cordova\cordova-lib-nodewebkit
10 error Windows_NT 6.1.7601
11 error argv "c:\\Program Files\\nodejs\\node.exe" "c:\\Program Files\\nodejs\\node_modules\\npm\\bin\\npm-cli.js" "install" "cordova-cli/" "-g"
12 error node v0.12.1
13 error npm  v2.5.1
14 error path c:\Users\wrkrumrx\workspace\cordova\cordova-lib-nodewebkit\cordova-cli
15 error code ENOENT
16 error errno -4058
17 error enoent ENOENT, open 'c:\Users\wrkrumrx\workspace\cordova\cordova-lib-nodewebkit\cordova-cli'
17 error enoent This is most likely not a problem with npm itself
17 error enoent and is related to npm not being able to find a file.
18 verbose exit [ -4058, true ]
